2020-01-02 11:50:09 [main] INFO com.googlecode.jmxtrans.JmxTransformer [JmxTransformer.java:180] - Starting Jmxtrans on : ./demo.json
2020-01-02 11:50:09 [main] WARN com.googlecode.jmxtrans.model.output.BaseOutputWriter [BaseOutputWriter.java:92] - Using 'settings' is deprecated, please pass attributes directly to the OutputWriter.
2020-01-02 11:50:09 [main] ERROR com.googlecode.jmxtrans.JmxTransformer [JmxTransformer.java:190] - Error parsing json: ./demo.json
com.googlecode.jmxtrans.exceptions.LifecycleException: Error parsing json: ./demo.json
	at com.googlecode.jmxtrans.ConfigurationParser.parseServers(ConfigurationParser.java:62)
	at com.googlecode.jmxtrans.JmxTransformer.processFilesIntoServers(JmxTransformer.java:388)
	at com.googlecode.jmxtrans.JmxTransformer.startupSystem(JmxTransformer.java:312)
	at com.googlecode.jmxtrans.JmxTransformer.start(JmxTransformer.java:187)
	at com.googlecode.jmxtrans.JmxTransformer.doMain(JmxTransformer.java:158)
	at com.googlecode.jmxtrans.JmxTransformer.main(JmxTransformer.java:139)
Caused by: com.fasterxml.jackson.databind.exc.InvalidDefinitionException: Cannot construct instance of `com.googlecode.jmxtrans.model.output.FileWriter`, problem: `java.lang.NullPointerException`
 at [Source: UNKNOWN; line: -1, column: -1] (through reference chain: com.googlecode.jmxtrans.model.JmxProcess["servers"]->java.util.ArrayList[0]->com.googlecode.jmxtrans.model.Server["queries"]->java.util.ArrayList[0]->com.googlecode.jmxtrans.model.Query["outputWriters"]->java.util.ArrayList[0])
	at com.fasterxml.jackson.databind.exc.InvalidDefinitionException.from(InvalidDefinitionException.java:67)
	at com.fasterxml.jackson.databind.DeserializationContext.instantiationException(DeserializationContext.java:1608)
	at com.fasterxml.jackson.databind.deser.std.StdValueInstantiator.wrapAsJsonMappingException(StdValueInstantiator.java:484)
	at com.fasterxml.jackson.databind.deser.std.StdValueInstantiator.rewrapCtorProblem(StdValueInstantiator.java:503)
	at com.fasterxml.jackson.databind.deser.std.StdValueInstantiator.createFromObjectWith(StdValueInstantiator.java:285)
	at com.fasterxml.jackson.databind.deser.ValueInstantiator.createFromObjectWith(ValueInstantiator.java:229)
	at com.fasterxml.jackson.databind.deser.impl.PropertyBasedCreator.build(PropertyBasedCreator.java:195)
	at com.fasterxml.jackson.databind.deser.BeanDeserializer._deserializeUsingPropertyBased(BeanDeserializer.java:488)
	at com.fasterxml.jackson.databind.deser.BeanDeserializerBase.deserializeFromObjectUsingNonDefault(BeanDeserializerBase.java:1287)
	at com.fasterxml.jackson.databind.deser.BeanDeserializer.deserializeFromObject(BeanDeserializer.java:326)
	at com.fasterxml.jackson.databind.deser.BeanDeserializer._deserializeOther(BeanDeserializer.java:194)
	at com.fasterxml.jackson.databind.deser.BeanDeserializer.deserialize(BeanDeserializer.java:161)
	at com.fasterxml.jackson.databind.jsontype.impl.AsPropertyTypeDeserializer._deserializeTypedForId(AsPropertyTypeDeserializer.java:130)
	at com.fasterxml.jackson.databind.jsontype.impl.AsPropertyTypeDeserializer.deserializeTypedFromObject(AsPropertyTypeDeserializer.java:97)
	at com.fasterxml.jackson.databind.deser.AbstractDeserializer.deserializeWithType(AbstractDeserializer.java:254)
	at com.fasterxml.jackson.databind.deser.std.CollectionDeserializer.deserialize(CollectionDeserializer.java:288)
	at com.fasterxml.jackson.databind.deser.std.CollectionDeserializer.deserialize(CollectionDeserializer.java:245)
	at com.fasterxml.jackson.databind.deser.std.CollectionDeserializer.deserialize(CollectionDeserializer.java:27)
	at com.fasterxml.jackson.databind.deser.SettableBeanProperty.deserialize(SettableBeanProperty.java:530)
	at com.fasterxml.jackson.databind.deser.BeanDeserializer._deserializeWithErrorWrapping(BeanDeserializer.java:528)
	at com.fasterxml.jackson.databind.deser.BeanDeserializer._deserializeUsingPropertyBased(BeanDeserializer.java:417)
	at com.fasterxml.jackson.databind.deser.BeanDeserializerBase.deserializeFromObjectUsingNonDefault(BeanDeserializerBase.java:1287)
	at com.fasterxml.jackson.databind.deser.BeanDeserializer.deserializeFromObject(BeanDeserializer.java:326)
	at com.fasterxml.jackson.databind.deser.BeanDeserializer.deserialize(BeanDeserializer.java:159)
	at com.fasterxml.jackson.databind.deser.std.CollectionDeserializer.deserialize(CollectionDeserializer.java:286)
	at com.fasterxml.jackson.databind.deser.std.CollectionDeserializer.deserialize(CollectionDeserializer.java:245)
	at com.fasterxml.jackson.databind.deser.std.CollectionDeserializer.deserialize(CollectionDeserializer.java:27)
	at com.fasterxml.jackson.databind.deser.SettableBeanProperty.deserialize(SettableBeanProperty.java:530)
	at com.fasterxml.jackson.databind.deser.BeanDeserializer._deserializeWithErrorWrapping(BeanDeserializer.java:528)
	at com.fasterxml.jackson.databind.deser.BeanDeserializer._deserializeUsingPropertyBased(BeanDeserializer.java:417)
	at com.fasterxml.jackson.databind.deser.BeanDeserializerBase.deserializeFromObjectUsingNonDefault(BeanDeserializerBase.java:1287)
	at com.fasterxml.jackson.databind.deser.BeanDeserializer.deserializeFromObject(BeanDeserializer.java:326)
	at com.fasterxml.jackson.databind.deser.BeanDeserializer.deserialize(BeanDeserializer.java:159)
	at com.fasterxml.jackson.databind.deser.std.CollectionDeserializer.deserialize(CollectionDeserializer.java:286)
	at com.fasterxml.jackson.databind.deser.std.CollectionDeserializer.deserialize(CollectionDeserializer.java:245)
	at com.fasterxml.jackson.databind.deser.std.CollectionDeserializer.deserialize(CollectionDeserializer.java:27)
	at com.fasterxml.jackson.databind.deser.impl.MethodProperty.deserializeAndSet(MethodProperty.java:129)
	at com.fasterxml.jackson.databind.deser.BeanDeserializer.vanillaDeserialize(BeanDeserializer.java:288)
	at com.fasterxml.jackson.databind.deser.BeanDeserializer.deserialize(BeanDeserializer.java:151)
	at com.fasterxml.jackson.databind.ObjectMapper._readValue(ObjectMapper.java:3985)
	at com.fasterxml.jackson.databind.ObjectMapper.readValue(ObjectMapper.java:2277)
	at com.fasterxml.jackson.databind.ObjectMapper.treeToValue(ObjectMapper.java:2759)
	at com.googlecode.jmxtrans.util.ProcessConfigUtils.parseProcess(ProcessConfigUtils.java:63)
	at com.googlecode.jmxtrans.ConfigurationParser.parseServers(ConfigurationParser.java:55)
	... 5 common frames omitted
Caused by: java.lang.NullPointerException: null
	at java.io.File.<init>(File.java:277)
	at com.googlecode.jmxtrans.model.output.FileWriter.<init>(FileWriter.java:61)
	at sun.reflect.NativeConstructorAccessorImpl.newInstance0(Native Method)
	at sun.reflect.NativeConstructorAccessorImpl.newInstance(NativeConstructorAccessorImpl.java:62)
	at sun.reflect.DelegatingConstructorAccessorImpl.newInstance(DelegatingConstructorAccessorImpl.java:45)
	at java.lang.reflect.Constructor.newInstance(Constructor.java:423)
	at com.fasterxml.jackson.databind.introspect.AnnotatedConstructor.call(AnnotatedConstructor.java:124)
	at com.fasterxml.jackson.databind.deser.std.StdValueInstantiator.createFromObjectWith(StdValueInstantiator.java:283)
	... 44 common frames omitted
2020-01-02 12:03:14 [main] INFO com.googlecode.jmxtrans.JmxTransformer [JmxTransformer.java:180] - Starting Jmxtrans on : ./demo.json
2020-01-02 12:03:45 [jmxtrans-query-0] ERROR com.googlecode.jmxtrans.jmx.ProcessQueryThread [ProcessQueryThread.java:57] - Error executing query Query(objectName=java.lang:type=Memory, keys=[], attr=[HeapMemoryUsage, NonHeapMemoryUsage], typeNames=[], resultAlias=jvm.memory, useObjDomainAsKey=false, allowDottedKeys=false, useAllTypeNames=false, outputWriterInstances=[BaseOutputWriter(typeNames=[], debugEnabled=false, settings={}, valueTransformer=com.googlecode.jmxtrans.model.results.IdentityValueTransformer@171a1f7e)]) on server Server(pid=null, host=127.0.0.1, port=1090, url=service:jmx:rmi:///jndi/rmi://127.0.0.1:1090/jmxrmi, cronExpression=null, numQueryThreads=2)
java.io.IOException: Failed to retrieve RMIServer stub: javax.naming.ServiceUnavailableException [Root exception is java.rmi.ConnectException: Connection refused to host: 127.0.0.1; nested exception is: 
	java.net.ConnectException: Connection refused (Connection refused)]
	at javax.management.remote.rmi.RMIConnector.connect(RMIConnector.java:369)
	at javax.management.remote.JMXConnectorFactory.connect(JMXConnectorFactory.java:270)
	at com.googlecode.jmxtrans.model.Server.getServerConnection(Server.java:347)
	at com.googlecode.jmxtrans.connections.MBeanServerConnectionFactory.makeObject(MBeanServerConnectionFactory.java:46)
	at com.googlecode.jmxtrans.connections.MBeanServerConnectionFactory.makeObject(MBeanServerConnectionFactory.java:33)
	at org.apache.commons.pool.impl.GenericKeyedObjectPool.borrowObject(GenericKeyedObjectPool.java:1220)
	at com.googlecode.jmxtrans.model.Server.execute(Server.java:279)
	at com.googlecode.jmxtrans.jmx.ProcessQueryThread.run(ProcessQueryThread.java:54)
	at java.util.concurrent.Executors$RunnableAdapter.call(Executors.java:511)
	at java.util.concurrent.FutureTask.run(FutureTask.java:266)
	at java.util.concurrent.ThreadPoolExecutor.runWorker(ThreadPoolExecutor.java:1149)
	at java.util.concurrent.ThreadPoolExecutor$Worker.run(ThreadPoolExecutor.java:624)
	at java.lang.Thread.run(Thread.java:748)
Caused by: javax.naming.ServiceUnavailableException: null
	at com.sun.jndi.rmi.registry.RegistryContext.lookup(RegistryContext.java:136)
	at com.sun.jndi.toolkit.url.GenericURLContext.lookup(GenericURLContext.java:205)
	at javax.naming.InitialContext.lookup(InitialContext.java:417)
	at javax.management.remote.rmi.RMIConnector.findRMIServerJNDI(RMIConnector.java:1955)
	at javax.management.remote.rmi.RMIConnector.findRMIServer(RMIConnector.java:1922)
	at javax.management.remote.rmi.RMIConnector.connect(RMIConnector.java:287)
	... 12 common frames omitted
Caused by: java.rmi.ConnectException: Connection refused to host: 127.0.0.1; nested exception is: 
	java.net.ConnectException: Connection refused (Connection refused)
	at sun.rmi.transport.tcp.TCPEndpoint.newSocket(TCPEndpoint.java:619)
	at sun.rmi.transport.tcp.TCPChannel.createConnection(TCPChannel.java:216)
	at sun.rmi.transport.tcp.TCPChannel.newConnection(TCPChannel.java:202)
	at sun.rmi.server.UnicastRef.newCall(UnicastRef.java:338)
	at sun.rmi.registry.RegistryImpl_Stub.lookup(RegistryImpl_Stub.java:112)
	at com.sun.jndi.rmi.registry.RegistryContext.lookup(RegistryContext.java:132)
	... 17 common frames omitted
Caused by: java.net.ConnectException: Connection refused (Connection refused)
	at java.net.PlainSocketImpl.socketConnect(Native Method)
	at java.net.AbstractPlainSocketImpl.doConnect(AbstractPlainSocketImpl.java:350)
	at java.net.AbstractPlainSocketImpl.connectToAddress(AbstractPlainSocketImpl.java:206)
	at java.net.AbstractPlainSocketImpl.connect(AbstractPlainSocketImpl.java:188)
	at java.net.SocksSocketImpl.connect(SocksSocketImpl.java:392)
	at java.net.Socket.connect(Socket.java:589)
	at java.net.Socket.connect(Socket.java:538)
	at java.net.Socket.<init>(Socket.java:434)
	at java.net.Socket.<init>(Socket.java:211)
	at sun.rmi.transport.proxy.RMIDirectSocketFactory.createSocket(RMIDirectSocketFactory.java:40)
	at sun.rmi.transport.proxy.RMIMasterSocketFactory.createSocket(RMIMasterSocketFactory.java:148)
	at com.googlecode.jmxtrans.model.JmxTransRMIClientSocketFactory.createSocket(JmxTransRMIClientSocketFactory.java:44)
	at sun.rmi.transport.tcp.TCPEndpoint.newSocket(TCPEndpoint.java:613)
	... 22 common frames omitted
2020-01-02 12:04:15 [jmxtrans-query-1] ERROR com.googlecode.jmxtrans.jmx.ProcessQueryThread [ProcessQueryThread.java:57] - Error executing query Query(objectName=java.lang:type=Memory, keys=[], attr=[HeapMemoryUsage, NonHeapMemoryUsage], typeNames=[], resultAlias=jvm.memory, useObjDomainAsKey=false, allowDottedKeys=false, useAllTypeNames=false, outputWriterInstances=[BaseOutputWriter(typeNames=[], debugEnabled=false, settings={}, valueTransformer=com.googlecode.jmxtrans.model.results.IdentityValueTransformer@171a1f7e)]) on server Server(pid=null, host=127.0.0.1, port=1090, url=service:jmx:rmi:///jndi/rmi://127.0.0.1:1090/jmxrmi, cronExpression=null, numQueryThreads=2)
java.io.IOException: Failed to retrieve RMIServer stub: javax.naming.ServiceUnavailableException [Root exception is java.rmi.ConnectException: Connection refused to host: 127.0.0.1; nested exception is: 
	java.net.ConnectException: Connection refused (Connection refused)]
	at javax.management.remote.rmi.RMIConnector.connect(RMIConnector.java:369)
	at javax.management.remote.JMXConnectorFactory.connect(JMXConnectorFactory.java:270)
	at com.googlecode.jmxtrans.model.Server.getServerConnection(Server.java:347)
	at com.googlecode.jmxtrans.connections.MBeanServerConnectionFactory.makeObject(MBeanServerConnectionFactory.java:46)
	at com.googlecode.jmxtrans.connections.MBeanServerConnectionFactory.makeObject(MBeanServerConnectionFactory.java:33)
	at org.apache.commons.pool.impl.GenericKeyedObjectPool.borrowObject(GenericKeyedObjectPool.java:1220)
	at com.googlecode.jmxtrans.model.Server.execute(Server.java:279)
	at com.googlecode.jmxtrans.jmx.ProcessQueryThread.run(ProcessQueryThread.java:54)
	at java.util.concurrent.Executors$RunnableAdapter.call(Executors.java:511)
	at java.util.concurrent.FutureTask.run(FutureTask.java:266)
	at java.util.concurrent.ThreadPoolExecutor.runWorker(ThreadPoolExecutor.java:1149)
	at java.util.concurrent.ThreadPoolExecutor$Worker.run(ThreadPoolExecutor.java:624)
	at java.lang.Thread.run(Thread.java:748)
Caused by: javax.naming.ServiceUnavailableException: null
	at com.sun.jndi.rmi.registry.RegistryContext.lookup(RegistryContext.java:136)
	at com.sun.jndi.toolkit.url.GenericURLContext.lookup(GenericURLContext.java:205)
	at javax.naming.InitialContext.lookup(InitialContext.java:417)
	at javax.management.remote.rmi.RMIConnector.findRMIServerJNDI(RMIConnector.java:1955)
	at javax.management.remote.rmi.RMIConnector.findRMIServer(RMIConnector.java:1922)
	at javax.management.remote.rmi.RMIConnector.connect(RMIConnector.java:287)
	... 12 common frames omitted
Caused by: java.rmi.ConnectException: Connection refused to host: 127.0.0.1; nested exception is: 
	java.net.ConnectException: Connection refused (Connection refused)
	at sun.rmi.transport.tcp.TCPEndpoint.newSocket(TCPEndpoint.java:619)
	at sun.rmi.transport.tcp.TCPChannel.createConnection(TCPChannel.java:216)
	at sun.rmi.transport.tcp.TCPChannel.newConnection(TCPChannel.java:202)
	at sun.rmi.server.UnicastRef.newCall(UnicastRef.java:338)
	at sun.rmi.registry.RegistryImpl_Stub.lookup(RegistryImpl_Stub.java:112)
	at com.sun.jndi.rmi.registry.RegistryContext.lookup(RegistryContext.java:132)
	... 17 common frames omitted
Caused by: java.net.ConnectException: Connection refused (Connection refused)
	at java.net.PlainSocketImpl.socketConnect(Native Method)
	at java.net.AbstractPlainSocketImpl.doConnect(AbstractPlainSocketImpl.java:350)
	at java.net.AbstractPlainSocketImpl.connectToAddress(AbstractPlainSocketImpl.java:206)
	at java.net.AbstractPlainSocketImpl.connect(AbstractPlainSocketImpl.java:188)
	at java.net.SocksSocketImpl.connect(SocksSocketImpl.java:392)
	at java.net.Socket.connect(Socket.java:589)
	at java.net.Socket.connect(Socket.java:538)
	at java.net.Socket.<init>(Socket.java:434)
	at java.net.Socket.<init>(Socket.java:211)
	at sun.rmi.transport.proxy.RMIDirectSocketFactory.createSocket(RMIDirectSocketFactory.java:40)
	at sun.rmi.transport.proxy.RMIMasterSocketFactory.createSocket(RMIMasterSocketFactory.java:148)
	at com.googlecode.jmxtrans.model.JmxTransRMIClientSocketFactory.createSocket(JmxTransRMIClientSocketFactory.java:44)
	at sun.rmi.transport.tcp.TCPEndpoint.newSocket(TCPEndpoint.java:613)
	... 22 common frames omitted
2020-01-02 12:04:45 [jmxtrans-query-2] ERROR com.googlecode.jmxtrans.jmx.ProcessQueryThread [ProcessQueryThread.java:57] - Error executing query Query(objectName=java.lang:type=Memory, keys=[], attr=[HeapMemoryUsage, NonHeapMemoryUsage], typeNames=[], resultAlias=jvm.memory, useObjDomainAsKey=false, allowDottedKeys=false, useAllTypeNames=false, outputWriterInstances=[BaseOutputWriter(typeNames=[], debugEnabled=false, settings={}, valueTransformer=com.googlecode.jmxtrans.model.results.IdentityValueTransformer@171a1f7e)]) on server Server(pid=null, host=127.0.0.1, port=1090, url=service:jmx:rmi:///jndi/rmi://127.0.0.1:1090/jmxrmi, cronExpression=null, numQueryThreads=2)
java.io.IOException: Failed to retrieve RMIServer stub: javax.naming.ServiceUnavailableException [Root exception is java.rmi.ConnectException: Connection refused to host: 127.0.0.1; nested exception is: 
	java.net.ConnectException: Connection refused (Connection refused)]
	at javax.management.remote.rmi.RMIConnector.connect(RMIConnector.java:369)
	at javax.management.remote.JMXConnectorFactory.connect(JMXConnectorFactory.java:270)
	at com.googlecode.jmxtrans.model.Server.getServerConnection(Server.java:347)
	at com.googlecode.jmxtrans.connections.MBeanServerConnectionFactory.makeObject(MBeanServerConnectionFactory.java:46)
	at com.googlecode.jmxtrans.connections.MBeanServerConnectionFactory.makeObject(MBeanServerConnectionFactory.java:33)
	at org.apache.commons.pool.impl.GenericKeyedObjectPool.borrowObject(GenericKeyedObjectPool.java:1220)
	at com.googlecode.jmxtrans.model.Server.execute(Server.java:279)
	at com.googlecode.jmxtrans.jmx.ProcessQueryThread.run(ProcessQueryThread.java:54)
	at java.util.concurrent.Executors$RunnableAdapter.call(Executors.java:511)
	at java.util.concurrent.FutureTask.run(FutureTask.java:266)
	at java.util.concurrent.ThreadPoolExecutor.runWorker(ThreadPoolExecutor.java:1149)
	at java.util.concurrent.ThreadPoolExecutor$Worker.run(ThreadPoolExecutor.java:624)
	at java.lang.Thread.run(Thread.java:748)
Caused by: javax.naming.ServiceUnavailableException: null
	at com.sun.jndi.rmi.registry.RegistryContext.lookup(RegistryContext.java:136)
	at com.sun.jndi.toolkit.url.GenericURLContext.lookup(GenericURLContext.java:205)
	at javax.naming.InitialContext.lookup(InitialContext.java:417)
	at javax.management.remote.rmi.RMIConnector.findRMIServerJNDI(RMIConnector.java:1955)
	at javax.management.remote.rmi.RMIConnector.findRMIServer(RMIConnector.java:1922)
	at javax.management.remote.rmi.RMIConnector.connect(RMIConnector.java:287)
	... 12 common frames omitted
Caused by: java.rmi.ConnectException: Connection refused to host: 127.0.0.1; nested exception is: 
	java.net.ConnectException: Connection refused (Connection refused)
	at sun.rmi.transport.tcp.TCPEndpoint.newSocket(TCPEndpoint.java:619)
	at sun.rmi.transport.tcp.TCPChannel.createConnection(TCPChannel.java:216)
	at sun.rmi.transport.tcp.TCPChannel.newConnection(TCPChannel.java:202)
	at sun.rmi.server.UnicastRef.newCall(UnicastRef.java:338)
	at sun.rmi.registry.RegistryImpl_Stub.lookup(RegistryImpl_Stub.java:112)
	at com.sun.jndi.rmi.registry.RegistryContext.lookup(RegistryContext.java:132)
	... 17 common frames omitted
Caused by: java.net.ConnectException: Connection refused (Connection refused)
	at java.net.PlainSocketImpl.socketConnect(Native Method)
	at java.net.AbstractPlainSocketImpl.doConnect(AbstractPlainSocketImpl.java:350)
	at java.net.AbstractPlainSocketImpl.connectToAddress(AbstractPlainSocketImpl.java:206)
	at java.net.AbstractPlainSocketImpl.connect(AbstractPlainSocketImpl.java:188)
	at java.net.SocksSocketImpl.connect(SocksSocketImpl.java:392)
	at java.net.Socket.connect(Socket.java:589)
	at java.net.Socket.connect(Socket.java:538)
	at java.net.Socket.<init>(Socket.java:434)
	at java.net.Socket.<init>(Socket.java:211)
	at sun.rmi.transport.proxy.RMIDirectSocketFactory.createSocket(RMIDirectSocketFactory.java:40)
	at sun.rmi.transport.proxy.RMIMasterSocketFactory.createSocket(RMIMasterSocketFactory.java:148)
	at com.googlecode.jmxtrans.model.JmxTransRMIClientSocketFactory.createSocket(JmxTransRMIClientSocketFactory.java:44)
	at sun.rmi.transport.tcp.TCPEndpoint.newSocket(TCPEndpoint.java:613)
	... 22 common frames omitted
2020-01-02 12:08:41 [main] INFO com.googlecode.jmxtrans.JmxTransformer [JmxTransformer.java:180] - Starting Jmxtrans on : ./demo.json
2020-01-02 12:08:51 [main] INFO com.googlecode.jmxtrans.JmxTransformer [JmxTransformer.java:180] - Starting Jmxtrans on : ./demo.json
2020-01-02 12:09:21 [jmxtrans-query-0] ERROR com.googlecode.jmxtrans.jmx.ProcessQueryThread [ProcessQueryThread.java:57] - Error executing query Query(objectName=java.lang:type=Memory, keys=[], attr=[HeapMemoryUsage, NonHeapMemoryUsage], typeNames=[], resultAlias=jvm.memory, useObjDomainAsKey=false, allowDottedKeys=false, useAllTypeNames=false, outputWriterInstances=[BaseOutputWriter(typeNames=[], debugEnabled=false, settings={}, valueTransformer=com.googlecode.jmxtrans.model.results.IdentityValueTransformer@3bf86e25)]) on server Server(pid=null, host=127.0.0.1, port=1090, url=service:jmx:rmi:///jndi/rmi://127.0.0.1:1090/jmxrmi, cronExpression=null, numQueryThreads=2)
java.io.IOException: Failed to retrieve RMIServer stub: javax.naming.ServiceUnavailableException [Root exception is java.rmi.ConnectException: Connection refused to host: 127.0.0.1; nested exception is: 
	java.net.ConnectException: Connection refused (Connection refused)]
	at javax.management.remote.rmi.RMIConnector.connect(RMIConnector.java:369)
	at javax.management.remote.JMXConnectorFactory.connect(JMXConnectorFactory.java:270)
	at com.googlecode.jmxtrans.model.Server.getServerConnection(Server.java:347)
	at com.googlecode.jmxtrans.connections.MBeanServerConnectionFactory.makeObject(MBeanServerConnectionFactory.java:46)
	at com.googlecode.jmxtrans.connections.MBeanServerConnectionFactory.makeObject(MBeanServerConnectionFactory.java:33)
	at org.apache.commons.pool.impl.GenericKeyedObjectPool.borrowObject(GenericKeyedObjectPool.java:1220)
	at com.googlecode.jmxtrans.model.Server.execute(Server.java:279)
	at com.googlecode.jmxtrans.jmx.ProcessQueryThread.run(ProcessQueryThread.java:54)
	at java.util.concurrent.Executors$RunnableAdapter.call(Executors.java:511)
	at java.util.concurrent.FutureTask.run(FutureTask.java:266)
	at java.util.concurrent.ThreadPoolExecutor.runWorker(ThreadPoolExecutor.java:1149)
	at java.util.concurrent.ThreadPoolExecutor$Worker.run(ThreadPoolExecutor.java:624)
	at java.lang.Thread.run(Thread.java:748)
Caused by: javax.naming.ServiceUnavailableException: null
	at com.sun.jndi.rmi.registry.RegistryContext.lookup(RegistryContext.java:136)
	at com.sun.jndi.toolkit.url.GenericURLContext.lookup(GenericURLContext.java:205)
	at javax.naming.InitialContext.lookup(InitialContext.java:417)
	at javax.management.remote.rmi.RMIConnector.findRMIServerJNDI(RMIConnector.java:1955)
	at javax.management.remote.rmi.RMIConnector.findRMIServer(RMIConnector.java:1922)
	at javax.management.remote.rmi.RMIConnector.connect(RMIConnector.java:287)
	... 12 common frames omitted
Caused by: java.rmi.ConnectException: Connection refused to host: 127.0.0.1; nested exception is: 
	java.net.ConnectException: Connection refused (Connection refused)
	at sun.rmi.transport.tcp.TCPEndpoint.newSocket(TCPEndpoint.java:619)
	at sun.rmi.transport.tcp.TCPChannel.createConnection(TCPChannel.java:216)
	at sun.rmi.transport.tcp.TCPChannel.newConnection(TCPChannel.java:202)
	at sun.rmi.server.UnicastRef.newCall(UnicastRef.java:338)
	at sun.rmi.registry.RegistryImpl_Stub.lookup(RegistryImpl_Stub.java:112)
	at com.sun.jndi.rmi.registry.RegistryContext.lookup(RegistryContext.java:132)
	... 17 common frames omitted
Caused by: java.net.ConnectException: Connection refused (Connection refused)
	at java.net.PlainSocketImpl.socketConnect(Native Method)
	at java.net.AbstractPlainSocketImpl.doConnect(AbstractPlainSocketImpl.java:350)
	at java.net.AbstractPlainSocketImpl.connectToAddress(AbstractPlainSocketImpl.java:206)
	at java.net.AbstractPlainSocketImpl.connect(AbstractPlainSocketImpl.java:188)
	at java.net.SocksSocketImpl.connect(SocksSocketImpl.java:392)
	at java.net.Socket.connect(Socket.java:589)
	at java.net.Socket.connect(Socket.java:538)
	at java.net.Socket.<init>(Socket.java:434)
	at java.net.Socket.<init>(Socket.java:211)
	at sun.rmi.transport.proxy.RMIDirectSocketFactory.createSocket(RMIDirectSocketFactory.java:40)
	at sun.rmi.transport.proxy.RMIMasterSocketFactory.createSocket(RMIMasterSocketFactory.java:148)
	at com.googlecode.jmxtrans.model.JmxTransRMIClientSocketFactory.createSocket(JmxTransRMIClientSocketFactory.java:44)
	at sun.rmi.transport.tcp.TCPEndpoint.newSocket(TCPEndpoint.java:613)
	... 22 common frames omitted
2020-01-02 12:09:51 [jmxtrans-query-1] ERROR com.googlecode.jmxtrans.jmx.ProcessQueryThread [ProcessQueryThread.java:57] - Error executing query Query(objectName=java.lang:type=Memory, keys=[], attr=[HeapMemoryUsage, NonHeapMemoryUsage], typeNames=[], resultAlias=jvm.memory, useObjDomainAsKey=false, allowDottedKeys=false, useAllTypeNames=false, outputWriterInstances=[BaseOutputWriter(typeNames=[], debugEnabled=false, settings={}, valueTransformer=com.googlecode.jmxtrans.model.results.IdentityValueTransformer@3bf86e25)]) on server Server(pid=null, host=127.0.0.1, port=1090, url=service:jmx:rmi:///jndi/rmi://127.0.0.1:1090/jmxrmi, cronExpression=null, numQueryThreads=2)
java.io.IOException: Failed to retrieve RMIServer stub: javax.naming.ServiceUnavailableException [Root exception is java.rmi.ConnectException: Connection refused to host: 127.0.0.1; nested exception is: 
	java.net.ConnectException: Connection refused (Connection refused)]
	at javax.management.remote.rmi.RMIConnector.connect(RMIConnector.java:369)
	at javax.management.remote.JMXConnectorFactory.connect(JMXConnectorFactory.java:270)
	at com.googlecode.jmxtrans.model.Server.getServerConnection(Server.java:347)
	at com.googlecode.jmxtrans.connections.MBeanServerConnectionFactory.makeObject(MBeanServerConnectionFactory.java:46)
	at com.googlecode.jmxtrans.connections.MBeanServerConnectionFactory.makeObject(MBeanServerConnectionFactory.java:33)
	at org.apache.commons.pool.impl.GenericKeyedObjectPool.borrowObject(GenericKeyedObjectPool.java:1220)
	at com.googlecode.jmxtrans.model.Server.execute(Server.java:279)
	at com.googlecode.jmxtrans.jmx.ProcessQueryThread.run(ProcessQueryThread.java:54)
	at java.util.concurrent.Executors$RunnableAdapter.call(Executors.java:511)
	at java.util.concurrent.FutureTask.run(FutureTask.java:266)
	at java.util.concurrent.ThreadPoolExecutor.runWorker(ThreadPoolExecutor.java:1149)
	at java.util.concurrent.ThreadPoolExecutor$Worker.run(ThreadPoolExecutor.java:624)
	at java.lang.Thread.run(Thread.java:748)
Caused by: javax.naming.ServiceUnavailableException: null
	at com.sun.jndi.rmi.registry.RegistryContext.lookup(RegistryContext.java:136)
	at com.sun.jndi.toolkit.url.GenericURLContext.lookup(GenericURLContext.java:205)
	at javax.naming.InitialContext.lookup(InitialContext.java:417)
	at javax.management.remote.rmi.RMIConnector.findRMIServerJNDI(RMIConnector.java:1955)
	at javax.management.remote.rmi.RMIConnector.findRMIServer(RMIConnector.java:1922)
	at javax.management.remote.rmi.RMIConnector.connect(RMIConnector.java:287)
	... 12 common frames omitted
Caused by: java.rmi.ConnectException: Connection refused to host: 127.0.0.1; nested exception is: 
	java.net.ConnectException: Connection refused (Connection refused)
	at sun.rmi.transport.tcp.TCPEndpoint.newSocket(TCPEndpoint.java:619)
	at sun.rmi.transport.tcp.TCPChannel.createConnection(TCPChannel.java:216)
	at sun.rmi.transport.tcp.TCPChannel.newConnection(TCPChannel.java:202)
	at sun.rmi.server.UnicastRef.newCall(UnicastRef.java:338)
	at sun.rmi.registry.RegistryImpl_Stub.lookup(RegistryImpl_Stub.java:112)
	at com.sun.jndi.rmi.registry.RegistryContext.lookup(RegistryContext.java:132)
	... 17 common frames omitted
Caused by: java.net.ConnectException: Connection refused (Connection refused)
	at java.net.PlainSocketImpl.socketConnect(Native Method)
	at java.net.AbstractPlainSocketImpl.doConnect(AbstractPlainSocketImpl.java:350)
	at java.net.AbstractPlainSocketImpl.connectToAddress(AbstractPlainSocketImpl.java:206)
	at java.net.AbstractPlainSocketImpl.connect(AbstractPlainSocketImpl.java:188)
	at java.net.SocksSocketImpl.connect(SocksSocketImpl.java:392)
	at java.net.Socket.connect(Socket.java:589)
	at java.net.Socket.connect(Socket.java:538)
	at java.net.Socket.<init>(Socket.java:434)
	at java.net.Socket.<init>(Socket.java:211)
	at sun.rmi.transport.proxy.RMIDirectSocketFactory.createSocket(RMIDirectSocketFactory.java:40)
	at sun.rmi.transport.proxy.RMIMasterSocketFactory.createSocket(RMIMasterSocketFactory.java:148)
	at com.googlecode.jmxtrans.model.JmxTransRMIClientSocketFactory.createSocket(JmxTransRMIClientSocketFactory.java:44)
	at sun.rmi.transport.tcp.TCPEndpoint.newSocket(TCPEndpoint.java:613)
	... 22 common frames omitted
2020-01-02 12:10:21 [jmxtrans-query-2] ERROR com.googlecode.jmxtrans.jmx.ProcessQueryThread [ProcessQueryThread.java:57] - Error executing query Query(objectName=java.lang:type=Memory, keys=[], attr=[HeapMemoryUsage, NonHeapMemoryUsage], typeNames=[], resultAlias=jvm.memory, useObjDomainAsKey=false, allowDottedKeys=false, useAllTypeNames=false, outputWriterInstances=[BaseOutputWriter(typeNames=[], debugEnabled=false, settings={}, valueTransformer=com.googlecode.jmxtrans.model.results.IdentityValueTransformer@3bf86e25)]) on server Server(pid=null, host=127.0.0.1, port=1090, url=service:jmx:rmi:///jndi/rmi://127.0.0.1:1090/jmxrmi, cronExpression=null, numQueryThreads=2)
java.io.IOException: Failed to retrieve RMIServer stub: javax.naming.ServiceUnavailableException [Root exception is java.rmi.ConnectException: Connection refused to host: 127.0.0.1; nested exception is: 
	java.net.ConnectException: Connection refused (Connection refused)]
	at javax.management.remote.rmi.RMIConnector.connect(RMIConnector.java:369)
	at javax.management.remote.JMXConnectorFactory.connect(JMXConnectorFactory.java:270)
	at com.googlecode.jmxtrans.model.Server.getServerConnection(Server.java:347)
	at com.googlecode.jmxtrans.connections.MBeanServerConnectionFactory.makeObject(MBeanServerConnectionFactory.java:46)
	at com.googlecode.jmxtrans.connections.MBeanServerConnectionFactory.makeObject(MBeanServerConnectionFactory.java:33)
	at org.apache.commons.pool.impl.GenericKeyedObjectPool.borrowObject(GenericKeyedObjectPool.java:1220)
	at com.googlecode.jmxtrans.model.Server.execute(Server.java:279)
	at com.googlecode.jmxtrans.jmx.ProcessQueryThread.run(ProcessQueryThread.java:54)
	at java.util.concurrent.Executors$RunnableAdapter.call(Executors.java:511)
	at java.util.concurrent.FutureTask.run(FutureTask.java:266)
	at java.util.concurrent.ThreadPoolExecutor.runWorker(ThreadPoolExecutor.java:1149)
	at java.util.concurrent.ThreadPoolExecutor$Worker.run(ThreadPoolExecutor.java:624)
	at java.lang.Thread.run(Thread.java:748)
Caused by: javax.naming.ServiceUnavailableException: null
	at com.sun.jndi.rmi.registry.RegistryContext.lookup(RegistryContext.java:136)
	at com.sun.jndi.toolkit.url.GenericURLContext.lookup(GenericURLContext.java:205)
	at javax.naming.InitialContext.lookup(InitialContext.java:417)
	at javax.management.remote.rmi.RMIConnector.findRMIServerJNDI(RMIConnector.java:1955)
	at javax.management.remote.rmi.RMIConnector.findRMIServer(RMIConnector.java:1922)
	at javax.management.remote.rmi.RMIConnector.connect(RMIConnector.java:287)
	... 12 common frames omitted
Caused by: java.rmi.ConnectException: Connection refused to host: 127.0.0.1; nested exception is: 
	java.net.ConnectException: Connection refused (Connection refused)
	at sun.rmi.transport.tcp.TCPEndpoint.newSocket(TCPEndpoint.java:619)
	at sun.rmi.transport.tcp.TCPChannel.createConnection(TCPChannel.java:216)
	at sun.rmi.transport.tcp.TCPChannel.newConnection(TCPChannel.java:202)
	at sun.rmi.server.UnicastRef.newCall(UnicastRef.java:338)
	at sun.rmi.registry.RegistryImpl_Stub.lookup(RegistryImpl_Stub.java:112)
	at com.sun.jndi.rmi.registry.RegistryContext.lookup(RegistryContext.java:132)
	... 17 common frames omitted
Caused by: java.net.ConnectException: Connection refused (Connection refused)
	at java.net.PlainSocketImpl.socketConnect(Native Method)
	at java.net.AbstractPlainSocketImpl.doConnect(AbstractPlainSocketImpl.java:350)
	at java.net.AbstractPlainSocketImpl.connectToAddress(AbstractPlainSocketImpl.java:206)
	at java.net.AbstractPlainSocketImpl.connect(AbstractPlainSocketImpl.java:188)
	at java.net.SocksSocketImpl.connect(SocksSocketImpl.java:392)
	at java.net.Socket.connect(Socket.java:589)
	at java.net.Socket.connect(Socket.java:538)
	at java.net.Socket.<init>(Socket.java:434)
	at java.net.Socket.<init>(Socket.java:211)
	at sun.rmi.transport.proxy.RMIDirectSocketFactory.createSocket(RMIDirectSocketFactory.java:40)
	at sun.rmi.transport.proxy.RMIMasterSocketFactory.createSocket(RMIMasterSocketFactory.java:148)
	at com.googlecode.jmxtrans.model.JmxTransRMIClientSocketFactory.createSocket(JmxTransRMIClientSocketFactory.java:44)
	at sun.rmi.transport.tcp.TCPEndpoint.newSocket(TCPEndpoint.java:613)
	... 22 common frames omitted
2020-01-02 12:10:51 [jmxtrans-query-3] ERROR com.googlecode.jmxtrans.jmx.ProcessQueryThread [ProcessQueryThread.java:57] - Error executing query Query(objectName=java.lang:type=Memory, keys=[], attr=[HeapMemoryUsage, NonHeapMemoryUsage], typeNames=[], resultAlias=jvm.memory, useObjDomainAsKey=false, allowDottedKeys=false, useAllTypeNames=false, outputWriterInstances=[BaseOutputWriter(typeNames=[], debugEnabled=false, settings={}, valueTransformer=com.googlecode.jmxtrans.model.results.IdentityValueTransformer@3bf86e25)]) on server Server(pid=null, host=127.0.0.1, port=1090, url=service:jmx:rmi:///jndi/rmi://127.0.0.1:1090/jmxrmi, cronExpression=null, numQueryThreads=2)
java.io.IOException: Failed to retrieve RMIServer stub: javax.naming.ServiceUnavailableException [Root exception is java.rmi.ConnectException: Connection refused to host: 127.0.0.1; nested exception is: 
	java.net.ConnectException: Connection refused (Connection refused)]
	at javax.management.remote.rmi.RMIConnector.connect(RMIConnector.java:369)
	at javax.management.remote.JMXConnectorFactory.connect(JMXConnectorFactory.java:270)
	at com.googlecode.jmxtrans.model.Server.getServerConnection(Server.java:347)
	at com.googlecode.jmxtrans.connections.MBeanServerConnectionFactory.makeObject(MBeanServerConnectionFactory.java:46)
	at com.googlecode.jmxtrans.connections.MBeanServerConnectionFactory.makeObject(MBeanServerConnectionFactory.java:33)
	at org.apache.commons.pool.impl.GenericKeyedObjectPool.borrowObject(GenericKeyedObjectPool.java:1220)
	at com.googlecode.jmxtrans.model.Server.execute(Server.java:279)
	at com.googlecode.jmxtrans.jmx.ProcessQueryThread.run(ProcessQueryThread.java:54)
	at java.util.concurrent.Executors$RunnableAdapter.call(Executors.java:511)
	at java.util.concurrent.FutureTask.run(FutureTask.java:266)
	at java.util.concurrent.ThreadPoolExecutor.runWorker(ThreadPoolExecutor.java:1149)
	at java.util.concurrent.ThreadPoolExecutor$Worker.run(ThreadPoolExecutor.java:624)
	at java.lang.Thread.run(Thread.java:748)
Caused by: javax.naming.ServiceUnavailableException: null
	at com.sun.jndi.rmi.registry.RegistryContext.lookup(RegistryContext.java:136)
	at com.sun.jndi.toolkit.url.GenericURLContext.lookup(GenericURLContext.java:205)
	at javax.naming.InitialContext.lookup(InitialContext.java:417)
	at javax.management.remote.rmi.RMIConnector.findRMIServerJNDI(RMIConnector.java:1955)
	at javax.management.remote.rmi.RMIConnector.findRMIServer(RMIConnector.java:1922)
	at javax.management.remote.rmi.RMIConnector.connect(RMIConnector.java:287)
	... 12 common frames omitted
Caused by: java.rmi.ConnectException: Connection refused to host: 127.0.0.1; nested exception is: 
	java.net.ConnectException: Connection refused (Connection refused)
	at sun.rmi.transport.tcp.TCPEndpoint.newSocket(TCPEndpoint.java:619)
	at sun.rmi.transport.tcp.TCPChannel.createConnection(TCPChannel.java:216)
	at sun.rmi.transport.tcp.TCPChannel.newConnection(TCPChannel.java:202)
	at sun.rmi.server.UnicastRef.newCall(UnicastRef.java:338)
	at sun.rmi.registry.RegistryImpl_Stub.lookup(RegistryImpl_Stub.java:112)
	at com.sun.jndi.rmi.registry.RegistryContext.lookup(RegistryContext.java:132)
	... 17 common frames omitted
Caused by: java.net.ConnectException: Connection refused (Connection refused)
	at java.net.PlainSocketImpl.socketConnect(Native Method)
	at java.net.AbstractPlainSocketImpl.doConnect(AbstractPlainSocketImpl.java:350)
	at java.net.AbstractPlainSocketImpl.connectToAddress(AbstractPlainSocketImpl.java:206)
	at java.net.AbstractPlainSocketImpl.connect(AbstractPlainSocketImpl.java:188)
	at java.net.SocksSocketImpl.connect(SocksSocketImpl.java:392)
	at java.net.Socket.connect(Socket.java:589)
	at java.net.Socket.connect(Socket.java:538)
	at java.net.Socket.<init>(Socket.java:434)
	at java.net.Socket.<init>(Socket.java:211)
	at sun.rmi.transport.proxy.RMIDirectSocketFactory.createSocket(RMIDirectSocketFactory.java:40)
	at sun.rmi.transport.proxy.RMIMasterSocketFactory.createSocket(RMIMasterSocketFactory.java:148)
	at com.googlecode.jmxtrans.model.JmxTransRMIClientSocketFactory.createSocket(JmxTransRMIClientSocketFactory.java:44)
	at sun.rmi.transport.tcp.TCPEndpoint.newSocket(TCPEndpoint.java:613)
	... 22 common frames omitted
2020-01-02 12:11:21 [jmxtrans-query-4] ERROR com.googlecode.jmxtrans.jmx.ProcessQueryThread [ProcessQueryThread.java:57] - Error executing query Query(objectName=java.lang:type=Memory, keys=[], attr=[HeapMemoryUsage, NonHeapMemoryUsage], typeNames=[], resultAlias=jvm.memory, useObjDomainAsKey=false, allowDottedKeys=false, useAllTypeNames=false, outputWriterInstances=[BaseOutputWriter(typeNames=[], debugEnabled=false, settings={}, valueTransformer=com.googlecode.jmxtrans.model.results.IdentityValueTransformer@3bf86e25)]) on server Server(pid=null, host=127.0.0.1, port=1090, url=service:jmx:rmi:///jndi/rmi://127.0.0.1:1090/jmxrmi, cronExpression=null, numQueryThreads=2)
java.io.IOException: Failed to retrieve RMIServer stub: javax.naming.ServiceUnavailableException [Root exception is java.rmi.ConnectException: Connection refused to host: 127.0.0.1; nested exception is: 
	java.net.ConnectException: Connection refused (Connection refused)]
	at javax.management.remote.rmi.RMIConnector.connect(RMIConnector.java:369)
	at javax.management.remote.JMXConnectorFactory.connect(JMXConnectorFactory.java:270)
	at com.googlecode.jmxtrans.model.Server.getServerConnection(Server.java:347)
	at com.googlecode.jmxtrans.connections.MBeanServerConnectionFactory.makeObject(MBeanServerConnectionFactory.java:46)
	at com.googlecode.jmxtrans.connections.MBeanServerConnectionFactory.makeObject(MBeanServerConnectionFactory.java:33)
	at org.apache.commons.pool.impl.GenericKeyedObjectPool.borrowObject(GenericKeyedObjectPool.java:1220)
	at com.googlecode.jmxtrans.model.Server.execute(Server.java:279)
	at com.googlecode.jmxtrans.jmx.ProcessQueryThread.run(ProcessQueryThread.java:54)
	at java.util.concurrent.Executors$RunnableAdapter.call(Executors.java:511)
	at java.util.concurrent.FutureTask.run(FutureTask.java:266)
	at java.util.concurrent.ThreadPoolExecutor.runWorker(ThreadPoolExecutor.java:1149)
	at java.util.concurrent.ThreadPoolExecutor$Worker.run(ThreadPoolExecutor.java:624)
	at java.lang.Thread.run(Thread.java:748)
Caused by: javax.naming.ServiceUnavailableException: null
	at com.sun.jndi.rmi.registry.RegistryContext.lookup(RegistryContext.java:136)
	at com.sun.jndi.toolkit.url.GenericURLContext.lookup(GenericURLContext.java:205)
	at javax.naming.InitialContext.lookup(InitialContext.java:417)
	at javax.management.remote.rmi.RMIConnector.findRMIServerJNDI(RMIConnector.java:1955)
	at javax.management.remote.rmi.RMIConnector.findRMIServer(RMIConnector.java:1922)
	at javax.management.remote.rmi.RMIConnector.connect(RMIConnector.java:287)
	... 12 common frames omitted
Caused by: java.rmi.ConnectException: Connection refused to host: 127.0.0.1; nested exception is: 
	java.net.ConnectException: Connection refused (Connection refused)
	at sun.rmi.transport.tcp.TCPEndpoint.newSocket(TCPEndpoint.java:619)
	at sun.rmi.transport.tcp.TCPChannel.createConnection(TCPChannel.java:216)
	at sun.rmi.transport.tcp.TCPChannel.newConnection(TCPChannel.java:202)
	at sun.rmi.server.UnicastRef.newCall(UnicastRef.java:338)
	at sun.rmi.registry.RegistryImpl_Stub.lookup(RegistryImpl_Stub.java:112)
	at com.sun.jndi.rmi.registry.RegistryContext.lookup(RegistryContext.java:132)
	... 17 common frames omitted
Caused by: java.net.ConnectException: Connection refused (Connection refused)
	at java.net.PlainSocketImpl.socketConnect(Native Method)
	at java.net.AbstractPlainSocketImpl.doConnect(AbstractPlainSocketImpl.java:350)
	at java.net.AbstractPlainSocketImpl.connectToAddress(AbstractPlainSocketImpl.java:206)
	at java.net.AbstractPlainSocketImpl.connect(AbstractPlainSocketImpl.java:188)
	at java.net.SocksSocketImpl.connect(SocksSocketImpl.java:392)
	at java.net.Socket.connect(Socket.java:589)
	at java.net.Socket.connect(Socket.java:538)
	at java.net.Socket.<init>(Socket.java:434)
	at java.net.Socket.<init>(Socket.java:211)
	at sun.rmi.transport.proxy.RMIDirectSocketFactory.createSocket(RMIDirectSocketFactory.java:40)
	at sun.rmi.transport.proxy.RMIMasterSocketFactory.createSocket(RMIMasterSocketFactory.java:148)
	at com.googlecode.jmxtrans.model.JmxTransRMIClientSocketFactory.createSocket(JmxTransRMIClientSocketFactory.java:44)
	at sun.rmi.transport.tcp.TCPEndpoint.newSocket(TCPEndpoint.java:613)
	... 22 common frames omitted
2020-01-02 14:30:16 [main] INFO com.googlecode.jmxtrans.JmxTransformer [JmxTransformer.java:180] - Starting Jmxtrans on : ./demo.json
